<?xml version="1.0" encoding="UTF-8"?>
<testsuite name="comp1721.cwk1.WordListTests" tests="4" skipped="0" failures="0" errors="0" timestamp="2022-04-20T08:08:51" hostname="DESKTOP-8HPIGUU" time="0.021">
  <properties/>
  <testcase name="GameException if game number is out of range" classname="comp1721.cwk1.WordListTests" time="0.007"/>
  <testcase name="Suitable exception if file of words cannot be found" classname="comp1721.cwk1.WordListTests" time="0.005"/>
  <testcase name="size() returns correct value for a WordList" classname="comp1721.cwk1.WordListTests" time="0.002"/>
  <testcase name="Words can be retrieved from a WordList" classname="comp1721.cwk1.WordListTests" time="0.004"/>
  <system-out><![CDATA[]]></system-out>
  <system-err><![CDATA[]]></system-err>
</testsuite>
